n(ent): 133722
31938


n(ent): 214892
61102


n(ent): 103218
13893


n(ent): 110824
22317


n(ent): 162879
9480


n(ent): 0
0

Error in <TFile::TFile>: file datasets/Hlt.MC15.MD.12875500.1.150204.00.root does not exist
Error in <TFile::TFile>: file datasets/Hlt.MC15.MU.12875500.1.150204.00.root does not exist

 *** Break *** segmentation violation
 Generating stack trace...
 0x0000000000402319 in <unknown> from scripts/skim

n(ent): 120084
37313


n(ent): 0
0

Error in <TFile::TFile>: file datasets/Hlt.MC15.MD.25103000.1.150204.00.root does not exist
Error in <TFile::TFile>: file datasets/Hlt.MC15.MU.25103000.1.150204.00.root does not exist

 *** Break *** segmentation violation
 Generating stack trace...
 0x0000000000402319 in <unknown> from scripts/skim

n(ent): 0
0

Error in <TFile::TFile>: file datasets/Hlt.MC15.MD.25103110.1.150204.00.root does not exist
Error in <TFile::TFile>: file datasets/Hlt.MC15.MU.25103110.1.150204.00.root does not exist

 *** Break *** segmentation violation
 Generating stack trace...
 0x0000000000402319 in <unknown> from scripts/skim

n(ent): 0
0

Error in <TFile::TFile>: file datasets/Hlt.MC15.MD.12165106.1.150204.00.root does not exist
Error in <TFile::TFile>: file datasets/Hlt.MC15.MU.12165106.1.150204.00.root does not exist

 *** Break *** segmentation violation
 Generating stack trace...
 0x0000000000402319 in <unknown> from scripts/skim

n(ent): 0
0

Error in <TFile::TFile>: file datasets/Hlt.MC15.MD.12873432.1.150204.00.root does not exist
Error in <TFile::TFile>: file datasets/Hlt.MC15.MU.12873432.1.150204.00.root does not exist

 *** Break *** segmentation violation
 Generating stack trace...
 0x0000000000402319 in <unknown> from scripts/skim

n(ent): 0
0

Error in <TFile::TFile>: file datasets/Hlt.MC15.MD.11124001.1.150204.00.root does not exist
Error in <TFile::TFile>: file datasets/Hlt.MC15.MU.11124001.1.150204.00.root does not exist

 *** Break *** segmentation violation
 Generating stack trace...
 0x0000000000402319 in <unknown> from scripts/skim

n(ent): 139124
25165


n(ent): 0
0

Error in <TFile::TFile>: file datasets/Hlt.MC15.MD.13104012.1.150204.00.root does not exist
Error in <TFile::TFile>: file datasets/Hlt.MC15.MU.13104012.1.150204.00.root does not exist

 *** Break *** segmentation violation
 Generating stack trace...
 0x0000000000402319 in <unknown> from scripts/skim

n(ent): 96000
3942


n(ent): 119423
39278


n(ent): 108994
17149


n(ent): 418736
848


n(ent): 121426
27212


n(ent): 0
0

Error in <TFile::TFile>: file datasets/Hlt.MC15.MD.20000000.1.150204.00.root does not exist
Error in <TFile::TFile>: file datasets/Hlt.MC15.MU.20000000.1.150204.00.root does not exist

 *** Break *** segmentation violation
 Generating stack trace...
 0x0000000000402319 in <unknown> from scripts/skim

n(ent): 139041
21960


n(ent): 0
0

Error in <TFile::TFile>: file datasets/Hlt.MC15.MD.23103110.1.150204.00.root does not exist
Error in <TFile::TFile>: file datasets/Hlt.MC15.MU.23103110.1.150204.00.root does not exist

 *** Break *** segmentation violation
 Generating stack trace...
 0x0000000000402319 in <unknown> from scripts/skim

n(ent): 171952
54266


n(ent): 125776
25250


n(ent): 115567
8871


n(ent): 110561
34736


n(ent): 1936992
111306


n(ent): 133387
7130


n(ent): 29760
871


n(ent): 205516
12589


n(ent): 104743
0


n(ent): 5104
380


n(ent): 0
0

Error in <TFile::TFile>: file datasets/Hlt.MC15.MD.12265042.1.150204.00.root does not exist
Error in <TFile::TFile>: file datasets/Hlt.MC15.MU.12265042.1.150204.00.root does not exist

 *** Break *** segmentation violation
 Generating stack trace...
 0x0000000000402319 in <unknown> from scripts/skim

n(ent): 160424
43379


n(ent): 104535
22180


n(ent): 121363
36257


n(ent): 111349
27799


n(ent): 32025
2192


